Flow report for project03_121044038_Recep_Sivri
Mon Dec 07 15:59:02 2015
Quartus II 64-Bit Version 13.1.0 Build 162 10/23/2013 SJ Web Edition


---------------------
; Table of Contents ;
---------------------
  1. Legal Notice
  2. Flow Summary
  3. Flow Settings
  4. Flow Non-Default Global Settings
  5. Flow Elapsed Time
  6. Flow OS Summary
  7. Flow Log
  8. Flow Messages
  9. Flow Suppressed Messages



----------------
; Legal Notice ;
----------------
Copyright (C) 1991-2013 Altera Corporation
Your use of Altera Corporation's design tools, logic functions 
and other software and tools, and its AMPP partner logic 
functions, and any output files from any of the foregoing 
(including device programming or simulation files), and any 
associated documentation or information are expressly subject 
to the terms and conditions of the Altera Program License 
Subscription Agreement, Altera MegaCore Function License 
Agreement, or other applicable license agreement, including, 
without limitation, that your use is for the sole purpose of 
programming logic devices manufactured by Altera and sold by 
Altera or its authorized distributors.  Please refer to the 
applicable agreement for further details.



+---------------------------------------------------------------------------------+
; Flow Summary                                                                    ;
+------------------------------------+--------------------------------------------+
; Flow Status                        ; Successful - Mon Dec 07 15:59:02 2015      ;
; Quartus II 64-Bit Version          ; 13.1.0 Build 162 10/23/2013 SJ Web Edition ;
; Revision Name                      ; project03_121044038_Recep_Sivri            ;
; Top-level Entity Name              ; mips_sim_de0                               ;
; Family                             ; Cyclone III                                ;
; Device                             ; EP3C16F484C6                               ;
; Timing Models                      ; Final                                      ;
; Total logic elements               ; 3,748 / 15,408 ( 24 % )                    ;
;     Total combinational functions  ; 3,748 / 15,408 ( 24 % )                    ;
;     Dedicated logic registers      ; 0 / 15,408 ( 0 % )                         ;
; Total registers                    ; 0                                          ;
; Total pins                         ; 33 / 347 ( 10 % )                          ;
; Total virtual pins                 ; 0                                          ;
; Total memory bits                  ; 0 / 516,096 ( 0 % )                        ;
; Embedded Multiplier 9-bit elements ; 0 / 112 ( 0 % )                            ;
; Total PLLs                         ; 0 / 4 ( 0 % )                              ;
+------------------------------------+--------------------------------------------+


+-----------------------------------------------------+
; Flow Settings                                       ;
+-------------------+---------------------------------+
; Option            ; Setting                         ;
+-------------------+---------------------------------+
; Start date & time ; 12/07/2015 15:55:44             ;
; Main task         ; Compilation                     ;
; Revision Name     ; project03_121044038_Recep_Sivri ;
+-------------------+---------------------------------+


+--------------------------------------------------------------------------------------------------------------------------------------+
; Flow Non-Default Global Settings                                                                                                     ;
+-------------------------------------+------------------------------+---------------------------------+--------------+----------------+
; Assignment Name                     ; Value                        ; Default Value                   ; Entity Name  ; Section Id     ;
+-------------------------------------+------------------------------+---------------------------------+--------------+----------------+
; COMPILER_SIGNATURE_ID               ; 345052807169.144949654403772 ; --                              ; --           ; --             ;
; EDA_OUTPUT_DATA_FORMAT              ; Verilog Hdl                  ; --                              ; --           ; eda_simulation ;
; EDA_SIMULATION_TOOL                 ; ModelSim-Altera (Verilog)    ; <None>                          ; --           ; --             ;
; MAX_CORE_JUNCTION_TEMP              ; 85                           ; --                              ; --           ; --             ;
; MIN_CORE_JUNCTION_TEMP              ; 0                            ; --                              ; --           ; --             ;
; NOMINAL_CORE_SUPPLY_VOLTAGE         ; 1.2V                         ; --                              ; --           ; --             ;
; PARTITION_COLOR                     ; 16764057                     ; --                              ; mips_sim_de0 ; Top            ;
; PARTITION_FITTER_PRESERVATION_LEVEL ; PLACEMENT_AND_ROUTING        ; --                              ; mips_sim_de0 ; Top            ;
; PARTITION_NETLIST_TYPE              ; SOURCE                       ; --                              ; mips_sim_de0 ; Top            ;
; PROJECT_OUTPUT_DIRECTORY            ; output_files                 ; --                              ; --           ; --             ;
; TOP_LEVEL_ENTITY                    ; mips_sim_de0                 ; project03_121044038_Recep_Sivri ; --           ; --             ;
+-------------------------------------+------------------------------+---------------------------------+--------------+----------------+


+-------------------------------------------------------------------------------------------------------------------------------+
; Flow Elapsed Time                                                                                                             ;
+---------------------------+--------------+-------------------------+---------------------+------------------------------------+
; Module Name               ; Elapsed Time ; Average Processors Used ; Peak Virtual Memory ; Total CPU Time (on all processors) ;
+---------------------------+--------------+-------------------------+---------------------+------------------------------------+
; Analysis & Synthesis      ; 00:00:43     ; 1.0                     ; 552 MB              ; 00:00:43                           ;
; Fitter                    ; 00:01:45     ; 1.6                     ; 1071 MB             ; 00:02:00                           ;
; Assembler                 ; 00:00:02     ; 1.0                     ; 491 MB              ; 00:00:02                           ;
; TimeQuest Timing Analyzer ; 00:00:24     ; 1.8                     ; 627 MB              ; 00:00:37                           ;
; EDA Netlist Writer        ; 00:00:06     ; 1.0                     ; 478 MB              ; 00:00:05                           ;
; Total                     ; 00:03:00     ; --                      ; --                  ; 00:03:27                           ;
+---------------------------+--------------+-------------------------+---------------------+------------------------------------+


+----------------------------------------------------------------------------------------+
; Flow OS Summary                                                                        ;
+---------------------------+------------------+-----------+------------+----------------+
; Module Name               ; Machine Hostname ; OS Name   ; OS Version ; Processor type ;
+---------------------------+------------------+-----------+------------+----------------+
; Analysis & Synthesis      ; DESKTOP-NVII8O6  ; Windows 7 ; 6.2        ; x86_64         ;
; Fitter                    ; DESKTOP-NVII8O6  ; Windows 7 ; 6.2        ; x86_64         ;
; Assembler                 ; DESKTOP-NVII8O6  ; Windows 7 ; 6.2        ; x86_64         ;
; TimeQuest Timing Analyzer ; DESKTOP-NVII8O6  ; Windows 7 ; 6.2        ; x86_64         ;
; EDA Netlist Writer        ; DESKTOP-NVII8O6  ; Windows 7 ; 6.2        ; x86_64         ;
+---------------------------+------------------+-----------+------------+----------------+


------------
; Flow Log ;
------------
quartus_map --read_settings_files=on --write_settings_files=off project03_121044038_Recep_Sivri -c project03_121044038_Recep_Sivri
quartus_fit --read_settings_files=off --write_settings_files=off project03_121044038_Recep_Sivri -c project03_121044038_Recep_Sivri
quartus_asm --read_settings_files=off --write_settings_files=off project03_121044038_Recep_Sivri -c project03_121044038_Recep_Sivri
quartus_sta project03_121044038_Recep_Sivri -c project03_121044038_Recep_Sivri
quartus_eda --read_settings_files=off --write_settings_files=off project03_121044038_Recep_Sivri -c project03_121044038_Recep_Sivri



